<?xml version="1.0" encoding="UTF-8"?>
<testsuite xmlns:xsi="http://www.w3.org/2001/XMLSchema-instance" xsi:noNamespaceSchemaLocation="https://maven.apache.org/surefire/maven-surefire-plugin/xsd/surefire-test-report-3.0.xsd" version="3.0" name="TestSuite" time="17.264" tests="7" errors="0" skipped="0" failures="0">
  <properties>
[...]
</properties>
  <testcase name="testLoginSuccess" classname="tests.SauceLoginTest" time="0.958">
    <system-err><![CDATA[SLF4J: Failed to load class "org.slf4j.impl.StaticLoggerBinder".
SLF4J: Defaulting to no-operation (NOP) logger implementation
SLF4J: See http://www.slf4j.org/codes.html#StaticLoggerBinder for further details.
Aug 07, 2025 2:40:22 PM org.openqa.selenium.devtools.CdpVersionFinder findNearestMatch
WARNING: Unable to find CDP implementation matching 138
Aug 07, 2025 2:40:22 PM org.openqa.selenium.chromium.ChromiumDriver lambda$new$5
WARNING: Unable to find version of CDP to use for 138.0.7204.184. You may need to include a dependency on a specific version of the CDP using something similar to `org.seleniumhq.selenium:selenium-devtools-v86:4.20.0` where the version ("v86") matches the version of the chromium-based browser you're using and the version number of the artifact is the same as Selenium's.
]]></system-err>
  </testcase>
  <testcase name="testLoginWithEmptyCredentials" classname="tests.SauceLoginTest" time="0.612"/>
  <testcase name="testLoginWithEmptyPassword" classname="tests.SauceLoginTest" time="0.554"/>
  <testcase name="testLoginWithEmptyUsername" classname="tests.SauceLoginTest" time="0.545"/>
  <testcase name="testLoginWithInvalidPassword" classname="tests.SauceLoginTest" time="0.668"/>
  <testcase name="testLoginWithInvalidUsername" classname="tests.SauceLoginTest" time="0.651"/>
  <testcase name="testLoginWithLockedUser" classname="tests.SauceLoginTest" time="1.145"/>
</testsuite>