<?xml version="1.0" encoding="UTF-8"?>
<testng-results ignored="0" total="1" passed="1" failed="0" skipped="0">
  <reporter-output>
  </reporter-output>
  <suite started-at="2025-08-16T15:43:23 ICT" name="Default suite" finished-at="2025-08-16T15:43:36 ICT" duration-ms="13617">
    <groups>
    </groups>
    <test started-at="2025-08-16T15:43:23 ICT" name="Default test" finished-at="2025-08-16T15:43:36 ICT" duration-ms="13617">
      <class name="tests.CheckoutTest">
        <test-method is-config="true" signature="setup()[pri:0, instance:tests.CheckoutTest@75d3a5e0]" started-at="2025-08-16T15:43:23 ICT" name="setup" finished-at="2025-08-16T15:43:30 ICT" duration-ms="7792" status="PASS">
          <reporter-output>
          </reporter-output>
        </test-method> <!-- setup -->
        <test-method signature="testCheckoutFlow()[pri:0, instance:tests.CheckoutTest@75d3a5e0]" started-at="2025-08-16T15:43:30 ICT" name="testCheckoutFlow" finished-at="2025-08-16T15:43:36 ICT" duration-ms="5295" status="PASS">
          <reporter-output>
          </reporter-output>
        </test-method> <!-- testCheckoutFlow -->
        <test-method is-config="true" signature="tearDown()[pri:0, instance:tests.CheckoutTest@75d3a5e0]" started-at="2025-08-16T15:43:36 ICT" name="tearDown" finished-at="2025-08-16T15:43:36 ICT" duration-ms="462" status="PASS">
          <reporter-output>
          </reporter-output>
        </test-method> <!-- tearDown -->
      </class> <!-- tests.CheckoutTest -->
    </test> <!-- Default test -->
  </suite> <!-- Default suite -->
</testng-results>
