<?xml version="1.0" encoding="UTF-8"?>
<!-- Generated by org.testng.reporters.JUnitXMLReporter -->
<testsuite ignored="0" hostname="LAPTOP-D1HCJ82U" failures="0" tests="7" name="LoginTests" time="16.241" errors="0" timestamp="2025-08-07T14:40:34 ICT">
  <testcase classname="tests.SauceLoginTest" name="testLoginSuccess" time="0.957"/>
  <testcase classname="tests.SauceLoginTest" name="testLoginWithEmptyCredentials" time="0.612"/>
  <testcase classname="tests.SauceLoginTest" name="testLoginWithEmptyPassword" time="0.552"/>
  <testcase classname="tests.SauceLoginTest" name="testLoginWithEmptyUsername" time="0.546"/>
  <testcase classname="tests.SauceLoginTest" name="testLoginWithInvalidPassword" time="0.667"/>
  <testcase classname="tests.SauceLoginTest" name="testLoginWithInvalidUsername" time="0.651"/>
  <testcase classname="tests.SauceLoginTest" name="testLoginWithLockedUser" time="1.146"/>
</testsuite> <!-- LoginTests -->
